2020/10/07 14:53:23 {"callers":["/Users/super/develop/Go-details/main.go: 47 main.init.0"],"level":"info","message":"Start to listening the incoming requests on http address :8000","time":1602053603170339000}
2020/10/07 14:53:24 {"callers":["/Users/super/develop/Go-details/main.go: 47 main.init.0"],"level":"info","message":"Waiting for the server, retry in 1 second.","time":1602053604170712000}
2020/10/07 14:53:25 {"callers":["/Users/super/develop/Go-details/main.go: 47 main.init.0"],"level":"info","message":"Waiting for the server, retry in 1 second.","time":1602053605171110000}
2020/10/07 14:53:26 {"callers":["/Users/super/develop/Go-details/main.go: 47 main.init.0"],"level":"info","message":"Waiting for the server, retry in 1 second.","time":1602053606172582000}
2020/10/07 14:53:26 {"callers":["/Users/super/develop/Go-details/main.go: 47 main.init.0"],"level":"error","message":"The server has no response, or it might took too long to start up.","time":1602053606172777000}
2020/10/07 14:53:26 {"callers":["/Users/super/develop/Go-details/main.go: 47 main.init.0"],"level":"info","message":"The server has been deployed successfully.","time":1602053606172835000}
2020/10/07 14:53:47 {"callers":["/Users/super/develop/Go-details/main.go: 47 main.init.0"],"level":"info","message":"Start to listening the incoming requests on http address :8000","time":1602053627043591000}
2020/10/07 14:53:48 {"callers":["/Users/super/develop/Go-details/main.go: 47 main.init.0"],"level":"info","message":"Waiting for the server, retry in 1 second.","time":1602053628047105000}
2020/10/07 14:53:49 {"callers":["/Users/super/develop/Go-details/main.go: 47 main.init.0"],"level":"info","message":"Waiting for the server, retry in 1 second.","time":1602053629050818000}
2020/10/07 14:53:50 {"callers":["/Users/super/develop/Go-details/main.go: 47 main.init.0"],"level":"info","message":"Waiting for the server, retry in 1 second.","time":1602053630053738000}
2020/10/07 14:53:50 {"callers":["/Users/super/develop/Go-details/main.go: 47 main.init.0"],"level":"error","message":"The server has no response, or it might took too long to start up.","time":1602053630053857000}
2020/10/07 14:53:50 {"callers":["/Users/super/develop/Go-details/main.go: 47 main.init.0"],"level":"info","message":"The server has been deployed successfully.","time":1602053630053911000}
2020/10/07 15:22:55 {"callers":["/Users/super/develop/Go-details/main.go: 47 main.init.0"],"level":"info","message":"Start to listening the incoming requests on http address :8000","time":1602055375302892000}
2020/10/07 15:22:56 {"callers":["/Users/super/develop/Go-details/main.go: 47 main.init.0"],"level":"info","message":"Waiting for the server, retry in 1 second.","time":1602055376304594000}
2020/10/07 15:22:57 {"callers":["/Users/super/develop/Go-details/main.go: 47 main.init.0"],"level":"info","message":"Waiting for the server, retry in 1 second.","time":1602055377306082000}
2020/10/07 15:22:58 {"callers":["/Users/super/develop/Go-details/main.go: 47 main.init.0"],"level":"info","message":"Waiting for the server, retry in 1 second.","time":1602055378306328000}
2020/10/07 15:22:58 {"callers":["/Users/super/develop/Go-details/main.go: 47 main.init.0"],"level":"error","message":"The server has no response, or it might took too long to start up.","time":1602055378306436000}
2020/10/07 15:22:58 {"callers":["/Users/super/develop/Go-details/main.go: 47 main.init.0"],"level":"info","message":"The server has been deployed successfully.","time":1602055378306522000}
2020/10/07 15:26:56 {"callers":["/Users/super/develop/Go-details/main.go: 47 main.init.0"],"level":"info","message":"Start to listening the incoming requests on http address :8000","time":1602055616568355000}
2020/10/07 15:26:57 {"callers":["/Users/super/develop/Go-details/main.go: 47 main.init.0"],"level":"info","message":"Waiting for the server, retry in 1 second.","time":1602055617569608000}
2020/10/07 15:26:58 {"callers":["/Users/super/develop/Go-details/main.go: 47 main.init.0"],"level":"info","message":"Waiting for the server, retry in 1 second.","time":1602055618569886000}
2020/10/07 15:26:59 {"callers":["/Users/super/develop/Go-details/main.go: 47 main.init.0"],"level":"info","message":"Waiting for the server, retry in 1 second.","time":1602055619571168000}
2020/10/07 15:26:59 {"callers":["/Users/super/develop/Go-details/main.go: 47 main.init.0"],"level":"error","message":"The server has no response, or it might took too long to start up.","time":1602055619571226000}
2020/10/07 15:26:59 {"callers":["/Users/super/develop/Go-details/main.go: 47 main.init.0"],"level":"info","message":"The server has been deployed successfully.","time":1602055619571244000}
2020/10/07 15:33:11 {"callers":["/Users/super/develop/Go-details/main.go: 47 main.init.0"],"level":"info","message":"Start to listening the incoming requests on http address :8000","time":1602055991793871000}
2020/10/07 15:33:12 {"callers":["/Users/super/develop/Go-details/main.go: 47 main.init.0"],"level":"info","message":"Waiting for the server, retry in 1 second.","time":1602055992794666000}
2020/10/07 15:33:13 {"callers":["/Users/super/develop/Go-details/main.go: 47 main.init.0"],"level":"info","message":"Waiting for the server, retry in 1 second.","time":1602055993794995000}
2020/10/07 15:33:14 {"callers":["/Users/super/develop/Go-details/main.go: 47 main.init.0"],"level":"info","message":"Waiting for the server, retry in 1 second.","time":1602055994795330000}
2020/10/07 15:33:14 {"callers":["/Users/super/develop/Go-details/main.go: 47 main.init.0"],"level":"error","message":"The server has no response, or it might took too long to start up.","time":1602055994795408000}
2020/10/07 15:33:14 {"callers":["/Users/super/develop/Go-details/main.go: 47 main.init.0"],"level":"info","message":"The server has been deployed successfully.","time":1602055994795435000}
2020/10/07 15:45:26 {"callers":["/Users/super/develop/Go-details/main.go: 47 main.init.0"],"level":"info","message":"Start to listening the incoming requests on http address :8000","time":1602056726071470000}
2020/10/07 15:45:27 {"callers":["/Users/super/develop/Go-details/main.go: 47 main.init.0"],"level":"info","message":"Waiting for the server, retry in 1 second.","time":1602056727075772000}
2020/10/07 15:45:28 {"callers":["/Users/super/develop/Go-details/main.go: 47 main.init.0"],"level":"info","message":"Waiting for the server, retry in 1 second.","time":1602056728076173000}
2020/10/07 15:45:29 {"callers":["/Users/super/develop/Go-details/main.go: 47 main.init.0"],"level":"info","message":"Waiting for the server, retry in 1 second.","time":1602056729080128000}
2020/10/07 15:45:29 {"callers":["/Users/super/develop/Go-details/main.go: 47 main.init.0"],"level":"error","message":"The server has no response, or it might took too long to start up.","time":1602056729080189000}
2020/10/07 15:45:29 {"callers":["/Users/super/develop/Go-details/main.go: 47 main.init.0"],"level":"info","message":"The server has been deployed successfully.","time":1602056729080221000}
2020/10/07 15:48:06 {"callers":["/Users/super/develop/Go-details/main.go: 47 main.init.0"],"level":"info","message":"Start to listening the incoming requests on http address :8000","time":1602056886195856000}
2020/10/07 15:48:07 {"callers":["/Users/super/develop/Go-details/main.go: 47 main.init.0"],"level":"info","message":"Waiting for the server, retry in 1 second.","time":1602056887197398000}
2020/10/07 15:48:08 {"callers":["/Users/super/develop/Go-details/main.go: 47 main.init.0"],"level":"info","message":"Waiting for the server, retry in 1 second.","time":1602056888201464000}
2020/10/07 15:48:09 {"callers":["/Users/super/develop/Go-details/main.go: 47 main.init.0"],"level":"info","message":"Waiting for the server, retry in 1 second.","time":1602056889203253000}
2020/10/07 15:48:09 {"callers":["/Users/super/develop/Go-details/main.go: 47 main.init.0"],"level":"error","message":"The server has no response, or it might took too long to start up.","time":1602056889203332000}
2020/10/07 15:48:09 {"callers":["/Users/super/develop/Go-details/main.go: 47 main.init.0"],"level":"info","message":"The server has been deployed successfully.","time":1602056889203376000}
2020/10/07 15:48:11 {"callers":["/Users/super/develop/Go-details/main.go: 47 main.init.0"],"level":"error","message":"app.BindAndValid errs: {0xc00008eba0 0xc00031a0d0}","span_id":"3b3cc7e187f913b0","time":1602056891856984000,"trace_id":"3b3cc7e187f913b0"}
2020/10/07 15:49:19 {"callers":["/Users/super/develop/Go-details/main.go: 47 main.init.0"],"level":"info","message":"Start to listening the incoming requests on http address :8000","time":1602056959420958000}
2020/10/07 15:49:20 {"callers":["/Users/super/develop/Go-details/main.go: 47 main.init.0"],"level":"info","message":"Waiting for the server, retry in 1 second.","time":1602056960424676000}
2020/10/07 15:49:21 {"callers":["/Users/super/develop/Go-details/main.go: 47 main.init.0"],"level":"info","message":"Waiting for the server, retry in 1 second.","time":1602056961425048000}
2020/10/07 15:49:22 {"callers":["/Users/super/develop/Go-details/main.go: 47 main.init.0"],"level":"info","message":"Waiting for the server, retry in 1 second.","time":1602056962426121000}
2020/10/07 15:49:22 {"callers":["/Users/super/develop/Go-details/main.go: 47 main.init.0"],"level":"error","message":"The server has no response, or it might took too long to start up.","time":1602056962426275000}
2020/10/07 15:49:22 {"callers":["/Users/super/develop/Go-details/main.go: 47 main.init.0"],"level":"info","message":"The server has been deployed successfully.","time":1602056962426354000}
2020/10/07 15:50:45 {"callers":["/Users/super/develop/Go-details/main.go: 47 main.init.0"],"level":"info","message":"Start to listening the incoming requests on http address :8000","time":1602057045504107000}
2020/10/07 15:50:46 {"callers":["/Users/super/develop/Go-details/main.go: 47 main.init.0"],"level":"info","message":"Waiting for the server, retry in 1 second.","time":1602057046507927000}
2020/10/07 15:50:47 {"callers":["/Users/super/develop/Go-details/main.go: 47 main.init.0"],"level":"info","message":"Waiting for the server, retry in 1 second.","time":1602057047509271000}
2020/10/07 15:50:48 {"callers":["/Users/super/develop/Go-details/main.go: 47 main.init.0"],"level":"info","message":"Waiting for the server, retry in 1 second.","time":1602057048514043000}
2020/10/07 15:50:48 {"callers":["/Users/super/develop/Go-details/main.go: 47 main.init.0"],"level":"error","message":"The server has no response, or it might took too long to start up.","time":1602057048514119000}
2020/10/07 15:50:48 {"callers":["/Users/super/develop/Go-details/main.go: 47 main.init.0"],"level":"info","message":"The server has been deployed successfully.","time":1602057048514142000}
2020/10/07 15:53:31 {"callers":["/Users/super/develop/Go-details/main.go: 47 main.init.0"],"level":"info","message":"Start to listening the incoming requests on http address :8000","time":1602057211548881000}
2020/10/07 15:53:32 {"callers":["/Users/super/develop/Go-details/main.go: 47 main.init.0"],"level":"info","message":"Waiting for the server, retry in 1 second.","time":1602057212549609000}
2020/10/07 15:53:33 {"callers":["/Users/super/develop/Go-details/main.go: 47 main.init.0"],"level":"info","message":"Waiting for the server, retry in 1 second.","time":1602057213553903000}
2020/10/07 15:53:34 {"callers":["/Users/super/develop/Go-details/main.go: 47 main.init.0"],"level":"info","message":"Waiting for the server, retry in 1 second.","time":1602057214558652000}
2020/10/07 15:53:34 {"callers":["/Users/super/develop/Go-details/main.go: 47 main.init.0"],"level":"error","message":"The server has no response, or it might took too long to start up.","time":1602057214558725000}
2020/10/07 15:53:34 {"callers":["/Users/super/develop/Go-details/main.go: 47 main.init.0"],"level":"info","message":"The server has been deployed successfully.","time":1602057214558741000}
2020/10/07 15:56:57 {"callers":["/Users/super/develop/Go-details/main.go: 47 main.init.0"],"level":"info","message":"Start to listening the incoming requests on http address :8000","time":1602057417041693000}
2020/10/07 15:56:58 {"callers":["/Users/super/develop/Go-details/main.go: 47 main.init.0"],"level":"info","message":"Waiting for the server, retry in 1 second.","time":1602057418042769000}
2020/10/07 15:56:59 {"callers":["/Users/super/develop/Go-details/main.go: 47 main.init.0"],"level":"info","message":"Waiting for the server, retry in 1 second.","time":1602057419047782000}
2020/10/07 15:57:00 {"callers":["/Users/super/develop/Go-details/main.go: 47 main.init.0"],"level":"info","message":"Waiting for the server, retry in 1 second.","time":1602057420049068000}
2020/10/07 15:57:00 {"callers":["/Users/super/develop/Go-details/main.go: 47 main.init.0"],"level":"error","message":"The server has no response, or it might took too long to start up.","time":1602057420049189000}
2020/10/07 15:57:00 {"callers":["/Users/super/develop/Go-details/main.go: 47 main.init.0"],"level":"info","message":"The server has been deployed successfully.","time":1602057420049221000}
2020/10/07 15:57:01 {"callers":["/Users/super/develop/Go-details/main.go: 47 main.init.0"],"level":"error","message":"app.BindAndValid errs: Question长度必须至少为2个字符","span_id":"4178a78fb3faee77","time":1602057421414703000,"trace_id":"4178a78fb3faee77"}
2020/10/07 15:57:12 {"callers":["/Users/super/develop/Go-details/main.go: 47 main.init.0"],"level":"error","message":"app.BindAndValid errs: Question长度必须至少为2个字符","span_id":"7836fcf2b36891bd","time":1602057432041733000,"trace_id":"7836fcf2b36891bd"}
2020/10/07 15:57:56 {"callers":["/Users/super/develop/Go-details/main.go: 47 main.init.0"],"level":"error","message":"app.BindAndValid errs: Question长度必须至少为2个字符","span_id":"1e644367c5bf3b6a","time":1602057476481341000,"trace_id":"1e644367c5bf3b6a"}
2020/10/07 15:58:35 {"callers":["/Users/super/develop/Go-details/main.go: 47 main.init.0"],"level":"error","message":"app.BindAndValid errs: Question长度必须至少为2个字符","span_id":"4ecdea6ee542de6e","time":1602057515118362000,"trace_id":"4ecdea6ee542de6e"}
2020/10/07 15:59:19 {"callers":["/Users/super/develop/Go-details/main.go: 47 main.init.0"],"level":"error","message":"app.BindAndValid errs: Question长度必须至少为2个字符","span_id":"64adcc26599097fb","time":1602057559172744000,"trace_id":"64adcc26599097fb"}
2020/10/07 16:00:17 {"callers":["/Users/super/develop/Go-details/main.go: 47 main.init.0"],"level":"info","message":"Start to listening the incoming requests on http address :8000","time":1602057617006381000}
2020/10/07 16:00:18 {"callers":["/Users/super/develop/Go-details/main.go: 47 main.init.0"],"level":"info","message":"Waiting for the server, retry in 1 second.","time":1602057618006913000}
2020/10/07 16:00:19 {"callers":["/Users/super/develop/Go-details/main.go: 47 main.init.0"],"level":"info","message":"Waiting for the server, retry in 1 second.","time":1602057619007300000}
2020/10/07 16:00:20 {"callers":["/Users/super/develop/Go-details/main.go: 47 main.init.0"],"level":"info","message":"Waiting for the server, retry in 1 second.","time":1602057620007746000}
2020/10/07 16:00:20 {"callers":["/Users/super/develop/Go-details/main.go: 47 main.init.0"],"level":"error","message":"The server has no response, or it might took too long to start up.","time":1602057620007872000}
2020/10/07 16:00:20 {"callers":["/Users/super/develop/Go-details/main.go: 47 main.init.0"],"level":"info","message":"The server has been deployed successfully.","time":1602057620007912000}
2020/10/07 16:00:29 {"callers":["/Users/super/develop/Go-details/main.go: 47 main.init.0"],"level":"error","message":"svc.UpdateQuestion err: Error 1054: Unknown column 'story' in 'field list'","span_id":"1f1ed4ab43b6fc47","time":1602057629049791000,"trace_id":"1f1ed4ab43b6fc47"}
2020/10/07 16:02:15 {"callers":["/Users/super/develop/Go-details/main.go: 47 main.init.0"],"level":"info","message":"Start to listening the incoming requests on http address :8000","time":1602057735695074000}
2020/10/07 16:02:16 {"callers":["/Users/super/develop/Go-details/main.go: 47 main.init.0"],"level":"info","message":"Waiting for the server, retry in 1 second.","time":1602057736697311000}
2020/10/07 16:02:17 {"callers":["/Users/super/develop/Go-details/main.go: 47 main.init.0"],"level":"info","message":"Waiting for the server, retry in 1 second.","time":1602057737698212000}
2020/10/07 16:02:18 {"callers":["/Users/super/develop/Go-details/main.go: 47 main.init.0"],"level":"info","message":"Waiting for the server, retry in 1 second.","time":1602057738700374000}
2020/10/07 16:02:18 {"callers":["/Users/super/develop/Go-details/main.go: 47 main.init.0"],"level":"error","message":"The server has no response, or it might took too long to start up.","time":1602057738700449000}
2020/10/07 16:02:18 {"callers":["/Users/super/develop/Go-details/main.go: 47 main.init.0"],"level":"info","message":"The server has been deployed successfully.","time":1602057738700469000}
2020/10/07 16:02:25 {"callers":["/Users/super/develop/Go-details/main.go: 47 main.init.0"],"level":"error","message":"svc.UpdateQuestion err: Error 1054: Unknown column 'story' in 'field list'","span_id":"7db24277b8d20905","time":1602057745278830000,"trace_id":"7db24277b8d20905"}
2020/10/07 16:05:58 {"callers":["/Users/super/develop/Go-details/main.go: 47 main.init.0"],"level":"info","message":"Start to listening the incoming requests on http address :8000","time":1602057958630858000}
2020/10/07 16:05:59 {"callers":["/Users/super/develop/Go-details/main.go: 47 main.init.0"],"level":"info","message":"Waiting for the server, retry in 1 second.","time":1602057959631810000}
2020/10/07 16:06:00 {"callers":["/Users/super/develop/Go-details/main.go: 47 main.init.0"],"level":"info","message":"Waiting for the server, retry in 1 second.","time":1602057960636107000}
2020/10/07 16:06:01 {"callers":["/Users/super/develop/Go-details/main.go: 47 main.init.0"],"level":"info","message":"Waiting for the server, retry in 1 second.","time":1602057961637122000}
2020/10/07 16:06:01 {"callers":["/Users/super/develop/Go-details/main.go: 47 main.init.0"],"level":"error","message":"The server has no response, or it might took too long to start up.","time":1602057961637245000}
2020/10/07 16:06:01 {"callers":["/Users/super/develop/Go-details/main.go: 47 main.init.0"],"level":"info","message":"The server has been deployed successfully.","time":1602057961637282000}
2020/10/07 16:06:09 {"callers":["/Users/super/develop/Go-details/main.go: 47 main.init.0"],"level":"error","message":"svc.UpdateQuestion err: Error 1054: Unknown column 'story' in 'field list'","span_id":"7266e10d95432b81","time":1602057969391665000,"trace_id":"7266e10d95432b81"}
2020/10/07 16:07:24 {"callers":["/Users/super/develop/Go-details/main.go: 47 main.init.0"],"level":"info","message":"Start to listening the incoming requests on http address :8000","time":1602058044127994000}
2020/10/07 16:07:25 {"callers":["/Users/super/develop/Go-details/main.go: 47 main.init.0"],"level":"info","message":"Waiting for the server, retry in 1 second.","time":1602058045128653000}
2020/10/07 16:07:26 {"callers":["/Users/super/develop/Go-details/main.go: 47 main.init.0"],"level":"info","message":"Waiting for the server, retry in 1 second.","time":1602058046129876000}
2020/10/07 16:07:27 {"callers":["/Users/super/develop/Go-details/main.go: 47 main.init.0"],"level":"info","message":"Waiting for the server, retry in 1 second.","time":1602058047133815000}
2020/10/07 16:07:27 {"callers":["/Users/super/develop/Go-details/main.go: 47 main.init.0"],"level":"error","message":"The server has no response, or it might took too long to start up.","time":1602058047133905000}
2020/10/07 16:07:27 {"callers":["/Users/super/develop/Go-details/main.go: 47 main.init.0"],"level":"info","message":"The server has been deployed successfully.","time":1602058047133936000}
